TN:
SF:api/default-api.ts
FN:28,(anonymous_7)
FN:36,(anonymous_8)
FN:36,(anonymous_9)
FN:77,(anonymous_10)
FN:77,(anonymous_11)
FN:118,(anonymous_12)
FN:118,(anonymous_13)
FN:159,(anonymous_14)
FN:159,(anonymous_15)
FN:200,(anonymous_16)
FN:200,(anonymous_17)
FN:241,(anonymous_18)
FN:241,(anonymous_19)
FN:282,(anonymous_20)
FN:282,(anonymous_21)
FN:324,(anonymous_22)
FN:333,(anonymous_23)
FN:337,(anonymous_25)
FN:345,(anonymous_26)
FN:349,(anonymous_28)
FN:357,(anonymous_29)
FN:361,(anonymous_31)
FN:369,(anonymous_32)
FN:373,(anonymous_34)
FN:381,(anonymous_35)
FN:385,(anonymous_37)
FN:393,(anonymous_38)
FN:397,(anonymous_40)
FN:405,(anonymous_41)
FN:409,(anonymous_43)
FN:418,(anonymous_44)
FN:427,(anonymous_45)
FN:428,(anonymous_46)
FN:436,(anonymous_47)
FN:437,(anonymous_48)
FN:445,(anonymous_49)
FN:446,(anonymous_50)
FN:454,(anonymous_51)
FN:455,(anonymous_52)
FN:463,(anonymous_53)
FN:464,(anonymous_54)
FN:472,(anonymous_55)
FN:473,(anonymous_56)
FN:481,(anonymous_57)
FN:482,(anonymous_58)
FN:670,(anonymous_59)
FN:671,(anonymous_60)
FN:681,(anonymous_61)
FN:682,(anonymous_62)
FN:692,(anonymous_63)
FN:693,(anonymous_64)
FN:703,(anonymous_65)
FN:704,(anonymous_66)
FN:714,(anonymous_67)
FN:715,(anonymous_68)
FN:725,(anonymous_69)
FN:726,(anonymous_70)
FN:736,(anonymous_71)
FN:737,(anonymous_72)
FNF:59
FNH:14
FNDA:3,(anonymous_7)
FNDA:0,(anonymous_8)
FNDA:0,(anonymous_9)
FNDA:0,(anonymous_10)
FNDA:0,(anonymous_11)
FNDA:1,(anonymous_12)
FNDA:1,(anonymous_13)
FNDA:2,(anonymous_14)
FNDA:2,(anonymous_15)
FNDA:0,(anonymous_16)
FNDA:0,(anonymous_17)
FNDA:0,(anonymous_18)
FNDA:0,(anonymous_19)
FNDA:0,(anonymous_20)
FNDA:0,(anonymous_21)
FNDA:3,(anonymous_22)
FNDA:0,(anonymous_23)
FNDA:0,(anonymous_25)
FNDA:0,(anonymous_26)
FNDA:0,(anonymous_28)
FNDA:1,(anonymous_29)
FNDA:1,(anonymous_31)
FNDA:2,(anonymous_32)
FNDA:2,(anonymous_34)
FNDA:0,(anonymous_35)
FNDA:0,(anonymous_37)
FNDA:0,(anonymous_38)
FNDA:0,(anonymous_40)
FNDA:0,(anonymous_41)
FNDA:0,(anonymous_43)
FNDA:0,(anonymous_44)
FNDA:0,(anonymous_45)
FNDA:0,(anonymous_46)
FNDA:0,(anonymous_47)
FNDA:0,(anonymous_48)
FNDA:0,(anonymous_49)
FNDA:0,(anonymous_50)
FNDA:0,(anonymous_51)
FNDA:0,(anonymous_52)
FNDA:0,(anonymous_53)
FNDA:0,(anonymous_54)
FNDA:0,(anonymous_55)
FNDA:0,(anonymous_56)
FNDA:0,(anonymous_57)
FNDA:0,(anonymous_58)
FNDA:0,(anonymous_59)
FNDA:0,(anonymous_60)
FNDA:0,(anonymous_61)
FNDA:0,(anonymous_62)
FNDA:1,(anonymous_63)
FNDA:1,(anonymous_64)
FNDA:2,(anonymous_65)
FNDA:2,(anonymous_66)
FNDA:0,(anonymous_67)
FNDA:0,(anonymous_68)
FNDA:0,(anonymous_69)
FNDA:0,(anonymous_70)
FNDA:0,(anonymous_71)
FNDA:0,(anonymous_72)
DA:18,1
DA:21,1
DA:23,1
DA:28,1
DA:29,3
DA:36,0
DA:38,0
DA:39,0
DA:42,0
DA:44,0
DA:45,0
DA:48,0
DA:49,0
DA:50,0
DA:54,0
DA:58,0
DA:62,0
DA:63,0
DA:64,0
DA:66,0
DA:77,0
DA:79,0
DA:80,0
DA:83,0
DA:85,0
DA:86,0
DA:89,0
DA:90,0
DA:91,0
DA:95,0
DA:99,0
DA:103,0
DA:104,0
DA:105,0
DA:107,0
DA:118,1
DA:120,1
DA:121,1
DA:124,1
DA:126,1
DA:127,1
DA:130,1
DA:131,1
DA:132,1
DA:136,1
DA:140,1
DA:144,1
DA:145,1
DA:146,1
DA:148,1
DA:159,2
DA:161,2
DA:162,2
DA:165,2
DA:167,2
DA:168,2
DA:171,2
DA:172,2
DA:173,2
DA:177,2
DA:181,2
DA:185,2
DA:186,2
DA:187,2
DA:189,2
DA:200,0
DA:202,0
DA:203,0
DA:206,0
DA:208,0
DA:209,0
DA:212,0
DA:213,0
DA:214,0
DA:218,0
DA:222,0
DA:226,0
DA:227,0
DA:228,0
DA:230,0
DA:241,0
DA:243,0
DA:244,0
DA:247,0
DA:249,0
DA:250,0
DA:253,0
DA:254,0
DA:255,0
DA:259,0
DA:263,0
DA:267,0
DA:268,0
DA:269,0
DA:271,0
DA:282,0
DA:284,0
DA:285,0
DA:288,0
DA:290,0
DA:291,0
DA:294,0
DA:295,0
DA:296,0
DA:300,0
DA:304,0
DA:308,0
DA:309,0
DA:310,0
DA:312,0
DA:324,1
DA:325,3
DA:326,3
DA:334,0
DA:335,0
DA:336,0
DA:337,0
DA:346,0
DA:347,0
DA:348,0
DA:349,0
DA:358,1
DA:359,1
DA:360,1
DA:361,1
DA:370,2
DA:371,2
DA:372,2
DA:373,2
DA:382,0
DA:383,0
DA:384,0
DA:385,0
DA:394,0
DA:395,0
DA:396,0
DA:397,0
DA:406,0
DA:407,0
DA:408,0
DA:409,0
DA:418,1
DA:419,0
DA:420,0
DA:428,0
DA:437,0
DA:446,0
DA:455,0
DA:464,0
DA:473,0
DA:482,0
DA:662,1
DA:671,0
DA:682,0
DA:693,1
DA:704,2
DA:715,0
DA:726,0
DA:737,0
LF:159
LH:50
BRDA:36,0,0,0
BRDA:44,1,0,0
BRDA:63,2,0,0
BRDA:63,2,1,0
BRDA:63,3,0,0
BRDA:63,3,1,0
BRDA:77,4,0,0
BRDA:85,5,0,0
BRDA:104,6,0,0
BRDA:104,6,1,0
BRDA:104,7,0,0
BRDA:104,7,1,0
BRDA:118,8,0,1
BRDA:126,9,0,1
BRDA:145,10,0,1
BRDA:145,10,1,0
BRDA:145,11,0,1
BRDA:145,11,1,1
BRDA:159,12,0,2
BRDA:167,13,0,2
BRDA:186,14,0,2
BRDA:186,14,1,0
BRDA:186,15,0,2
BRDA:186,15,1,2
BRDA:200,16,0,0
BRDA:208,17,0,0
BRDA:227,18,0,0
BRDA:227,18,1,0
BRDA:227,19,0,0
BRDA:227,19,1,0
BRDA:241,20,0,0
BRDA:249,21,0,0
BRDA:268,22,0,0
BRDA:268,22,1,0
BRDA:268,23,0,0
BRDA:268,23,1,0
BRDA:282,24,0,0
BRDA:290,25,0,0
BRDA:309,26,0,0
BRDA:309,26,1,0
BRDA:309,27,0,0
BRDA:309,27,1,0
BRDA:335,28,0,0
BRDA:335,28,1,0
BRDA:335,29,0,0
BRDA:335,29,1,0
BRDA:335,30,0,0
BRDA:335,30,1,0
BRDA:335,31,0,0
BRDA:335,31,1,0
BRDA:336,32,0,0
BRDA:336,32,1,0
BRDA:336,33,0,0
BRDA:336,33,1,0
BRDA:336,34,0,0
BRDA:336,34,1,0
BRDA:336,35,0,0
BRDA:336,35,1,0
BRDA:337,36,0,0
BRDA:337,36,1,0
BRDA:347,37,0,0
BRDA:347,37,1,0
BRDA:347,38,0,0
BRDA:347,38,1,0
BRDA:347,39,0,0
BRDA:347,39,1,0
BRDA:347,40,0,0
BRDA:347,40,1,0
BRDA:348,41,0,0
BRDA:348,41,1,0
BRDA:348,42,0,0
BRDA:348,42,1,0
BRDA:348,43,0,0
BRDA:348,43,1,0
BRDA:348,44,0,0
BRDA:348,44,1,0
BRDA:349,45,0,0
BRDA:349,45,1,0
BRDA:359,46,0,0
BRDA:359,46,1,1
BRDA:359,47,0,1
BRDA:359,47,1,1
BRDA:359,48,0,0
BRDA:359,48,1,1
BRDA:359,49,0,1
BRDA:359,49,1,1
BRDA:360,50,0,1
BRDA:360,50,1,0
BRDA:360,51,0,1
BRDA:360,51,1,1
BRDA:360,52,0,1
BRDA:360,52,1,0
BRDA:360,53,0,1
BRDA:360,53,1,1
BRDA:361,54,0,1
BRDA:361,54,1,1
BRDA:371,55,0,0
BRDA:371,55,1,2
BRDA:371,56,0,2
BRDA:371,56,1,2
BRDA:371,57,0,0
BRDA:371,57,1,2
BRDA:371,58,0,2
BRDA:371,58,1,2
BRDA:372,59,0,2
BRDA:372,59,1,0
BRDA:372,60,0,2
BRDA:372,60,1,2
BRDA:372,61,0,2
BRDA:372,61,1,0
BRDA:372,62,0,2
BRDA:372,62,1,2
BRDA:373,63,0,2
BRDA:373,63,1,2
BRDA:383,64,0,0
BRDA:383,64,1,0
BRDA:383,65,0,0
BRDA:383,65,1,0
BRDA:383,66,0,0
BRDA:383,66,1,0
BRDA:383,67,0,0
BRDA:383,67,1,0
BRDA:384,68,0,0
BRDA:384,68,1,0
BRDA:384,69,0,0
BRDA:384,69,1,0
BRDA:384,70,0,0
BRDA:384,70,1,0
BRDA:384,71,0,0
BRDA:384,71,1,0
BRDA:385,72,0,0
BRDA:385,72,1,0
BRDA:395,73,0,0
BRDA:395,73,1,0
BRDA:395,74,0,0
BRDA:395,74,1,0
BRDA:395,75,0,0
BRDA:395,75,1,0
BRDA:395,76,0,0
BRDA:395,76,1,0
BRDA:396,77,0,0
BRDA:396,77,1,0
BRDA:396,78,0,0
BRDA:396,78,1,0
BRDA:396,79,0,0
BRDA:396,79,1,0
BRDA:396,80,0,0
BRDA:396,80,1,0
BRDA:397,81,0,0
BRDA:397,81,1,0
BRDA:407,82,0,0
BRDA:407,82,1,0
BRDA:407,83,0,0
BRDA:407,83,1,0
BRDA:407,84,0,0
BRDA:407,84,1,0
BRDA:407,85,0,0
BRDA:407,85,1,0
BRDA:408,86,0,0
BRDA:408,86,1,0
BRDA:408,87,0,0
BRDA:408,87,1,0
BRDA:408,88,0,0
BRDA:408,88,1,0
BRDA:408,89,0,0
BRDA:408,89,1,0
BRDA:409,90,0,0
BRDA:409,90,1,0
BRF:168
BRH:38
end_of_record
TN:
SF:api/features-api.ts
FN:52,(anonymous_7)
FN:62,(anonymous_8)
FN:62,(anonymous_9)
FN:110,(anonymous_10)
FN:110,(anonymous_11)
FN:158,(anonymous_12)
FN:158,(anonymous_13)
FN:206,(anonymous_14)
FN:206,(anonymous_15)
FN:254,(anonymous_16)
FN:254,(anonymous_17)
FN:302,(anonymous_18)
FN:302,(anonymous_19)
FN:350,(anonymous_20)
FN:350,(anonymous_21)
FN:398,(anonymous_22)
FN:398,(anonymous_23)
FN:446,(anonymous_24)
FN:446,(anonymous_25)
FN:496,(anonymous_26)
FN:496,(anonymous_27)
FN:553,(anonymous_28)
FN:564,(anonymous_29)
FN:568,(anonymous_31)
FN:578,(anonymous_32)
FN:582,(anonymous_34)
FN:592,(anonymous_35)
FN:596,(anonymous_37)
FN:606,(anonymous_38)
FN:610,(anonymous_40)
FN:620,(anonymous_41)
FN:624,(anonymous_43)
FN:634,(anonymous_44)
FN:638,(anonymous_46)
FN:648,(anonymous_47)
FN:652,(anonymous_49)
FN:662,(anonymous_50)
FN:666,(anonymous_52)
FN:676,(anonymous_53)
FN:680,(anonymous_55)
FN:692,(anonymous_56)
FN:696,(anonymous_58)
FN:705,(anonymous_59)
FN:715,(anonymous_60)
FN:716,(anonymous_61)
FN:725,(anonymous_62)
FN:726,(anonymous_63)
FN:735,(anonymous_64)
FN:736,(anonymous_65)
FN:745,(anonymous_66)
FN:746,(anonymous_67)
FN:755,(anonymous_68)
FN:756,(anonymous_69)
FN:765,(anonymous_70)
FN:766,(anonymous_71)
FN:775,(anonymous_72)
FN:776,(anonymous_73)
FN:785,(anonymous_74)
FN:786,(anonymous_75)
FN:795,(anonymous_76)
FN:796,(anonymous_77)
FN:805,(anonymous_78)
FN:806,(anonymous_79)
FN:1158,(anonymous_80)
FN:1159,(anonymous_81)
FN:1170,(anonymous_82)
FN:1171,(anonymous_83)
FN:1182,(anonymous_84)
FN:1183,(anonymous_85)
FN:1194,(anonymous_86)
FN:1195,(anonymous_87)
FN:1206,(anonymous_88)
FN:1207,(anonymous_89)
FN:1218,(anonymous_90)
FN:1219,(anonymous_91)
FN:1230,(anonymous_92)
FN:1231,(anonymous_93)
FN:1242,(anonymous_94)
FN:1243,(anonymous_95)
FN:1254,(anonymous_96)
FN:1255,(anonymous_97)
FN:1266,(anonymous_98)
FN:1267,(anonymous_99)
FNF:83
FNH:14
FNDA:9,(anonymous_7)
FNDA:2,(anonymous_8)
FNDA:2,(anonymous_9)
FNDA:0,(anonymous_10)
FNDA:0,(anonymous_11)
FNDA:0,(anonymous_12)
FNDA:0,(anonymous_13)
FNDA:0,(anonymous_14)
FNDA:0,(anonymous_15)
FNDA:0,(anonymous_16)
FNDA:0,(anonymous_17)
FNDA:0,(anonymous_18)
FNDA:0,(anonymous_19)
FNDA:0,(anonymous_20)
FNDA:0,(anonymous_21)
FNDA:0,(anonymous_22)
FNDA:0,(anonymous_23)
FNDA:0,(anonymous_24)
FNDA:0,(anonymous_25)
FNDA:7,(anonymous_26)
FNDA:7,(anonymous_27)
FNDA:9,(anonymous_28)
FNDA:2,(anonymous_29)
FNDA:2,(anonymous_31)
FNDA:0,(anonymous_32)
FNDA:0,(anonymous_34)
FNDA:0,(anonymous_35)
FNDA:0,(anonymous_37)
FNDA:0,(anonymous_38)
FNDA:0,(anonymous_40)
FNDA:0,(anonymous_41)
FNDA:0,(anonymous_43)
FNDA:0,(anonymous_44)
FNDA:0,(anonymous_46)
FNDA:0,(anonymous_47)
FNDA:0,(anonymous_49)
FNDA:0,(anonymous_50)
FNDA:0,(anonymous_52)
FNDA:0,(anonymous_53)
FNDA:0,(anonymous_55)
FNDA:7,(anonymous_56)
FNDA:7,(anonymous_58)
FNDA:0,(anonymous_59)
FNDA:0,(anonymous_60)
FNDA:0,(anonymous_61)
FNDA:0,(anonymous_62)
FNDA:0,(anonymous_63)
FNDA:0,(anonymous_64)
FNDA:0,(anonymous_65)
FNDA:0,(anonymous_66)
FNDA:0,(anonymous_67)
FNDA:0,(anonymous_68)
FNDA:0,(anonymous_69)
FNDA:0,(anonymous_70)
FNDA:0,(anonymous_71)
FNDA:0,(anonymous_72)
FNDA:0,(anonymous_73)
FNDA:0,(anonymous_74)
FNDA:0,(anonymous_75)
FNDA:0,(anonymous_76)
FNDA:0,(anonymous_77)
FNDA:0,(anonymous_78)
FNDA:0,(anonymous_79)
FNDA:2,(anonymous_80)
FNDA:2,(anonymous_81)
FNDA:0,(anonymous_82)
FNDA:0,(anonymous_83)
FNDA:0,(anonymous_84)
FNDA:0,(anonymous_85)
FNDA:0,(anonymous_86)
FNDA:0,(anonymous_87)
FNDA:0,(anonymous_88)
FNDA:0,(anonymous_89)
FNDA:0,(anonymous_90)
FNDA:0,(anonymous_91)
FNDA:0,(anonymous_92)
FNDA:0,(anonymous_93)
FNDA:0,(anonymous_94)
FNDA:0,(anonymous_95)
FNDA:0,(anonymous_96)
FNDA:0,(anonymous_97)
FNDA:7,(anonymous_98)
FNDA:7,(anonymous_99)
DA:18,1
DA:21,1
DA:23,1
DA:52,1
DA:53,9
DA:62,2
DA:64,2
DA:66,2
DA:67,2
DA:70,2
DA:72,2
DA:73,2
DA:76,2
DA:77,2
DA:78,2
DA:82,2
DA:86,2
DA:90,2
DA:92,2
DA:93,2
DA:94,2
DA:95,2
DA:97,2
DA:110,0
DA:112,0
DA:114,0
DA:115,0
DA:118,0
DA:120,0
DA:121,0
DA:124,0
DA:125,0
DA:126,0
DA:130,0
DA:134,0
DA:138,0
DA:140,0
DA:141,0
DA:142,0
DA:143,0
DA:145,0
DA:158,0
DA:160,0
DA:162,0
DA:163,0
DA:166,0
DA:168,0
DA:169,0
DA:172,0
DA:173,0
DA:174,0
DA:178,0
DA:182,0
DA:186,0
DA:188,0
DA:189,0
DA:190,0
DA:191,0
DA:193,0
DA:206,0
DA:208,0
DA:210,0
DA:211,0
DA:214,0
DA:216,0
DA:217,0
DA:220,0
DA:221,0
DA:222,0
DA:226,0
DA:230,0
DA:234,0
DA:236,0
DA:237,0
DA:238,0
DA:239,0
DA:241,0
DA:254,0
DA:256,0
DA:258,0
DA:259,0
DA:262,0
DA:264,0
DA:265,0
DA:268,0
DA:269,0
DA:270,0
DA:274,0
DA:278,0
DA:282,0
DA:284,0
DA:285,0
DA:286,0
DA:287,0
DA:289,0
DA:302,0
DA:304,0
DA:306,0
DA:307,0
DA:310,0
DA:312,0
DA:313,0
DA:316,0
DA:317,0
DA:318,0
DA:322,0
DA:326,0
DA:330,0
DA:332,0
DA:333,0
DA:334,0
DA:335,0
DA:337,0
DA:350,0
DA:352,0
DA:354,0
DA:355,0
DA:358,0
DA:360,0
DA:361,0
DA:364,0
DA:365,0
DA:366,0
DA:370,0
DA:374,0
DA:378,0
DA:380,0
DA:381,0
DA:382,0
DA:383,0
DA:385,0
DA:398,0
DA:400,0
DA:402,0
DA:403,0
DA:406,0
DA:408,0
DA:409,0
DA:412,0
DA:413,0
DA:414,0
DA:418,0
DA:422,0
DA:426,0
DA:428,0
DA:429,0
DA:430,0
DA:431,0
DA:433,0
DA:446,0
DA:448,0
DA:450,0
DA:451,0
DA:454,0
DA:456,0
DA:457,0
DA:460,0
DA:461,0
DA:462,0
DA:466,0
DA:470,0
DA:474,0
DA:476,0
DA:477,0
DA:478,0
DA:479,0
DA:481,0
DA:496,7
DA:497,7
DA:499,7
DA:501,7
DA:502,7
DA:505,7
DA:506,7
DA:507,7
DA:511,7
DA:515,7
DA:517,7
DA:518,1
DA:521,7
DA:522,0
DA:527,7
DA:528,1
DA:531,7
DA:532,0
DA:537,7
DA:538,7
DA:539,7
DA:541,7
DA:553,1
DA:554,9
DA:555,9
DA:565,2
DA:566,2
DA:567,2
DA:568,2
DA:579,0
DA:580,0
DA:581,0
DA:582,0
DA:593,0
DA:594,0
DA:595,0
DA:596,0
DA:607,0
DA:608,0
DA:609,0
DA:610,0
DA:621,0
DA:622,0
DA:623,0
DA:624,0
DA:635,0
DA:636,0
DA:637,0
DA:638,0
DA:649,0
DA:650,0
DA:651,0
DA:652,0
DA:663,0
DA:664,0
DA:665,0
DA:666,0
DA:677,0
DA:678,0
DA:679,0
DA:680,0
DA:693,7
DA:694,7
DA:695,7
DA:696,7
DA:705,1
DA:706,0
DA:707,0
DA:716,0
DA:726,0
DA:736,0
DA:746,0
DA:756,0
DA:766,0
DA:776,0
DA:786,0
DA:796,0
DA:806,0
DA:1149,1
DA:1159,2
DA:1171,0
DA:1183,0
DA:1195,0
DA:1207,0
DA:1219,0
DA:1231,0
DA:1243,0
DA:1255,0
DA:1267,7
LF:256
LH:58
BRDA:62,0,0,2
BRDA:72,1,0,2
BRDA:93,2,0,2
BRDA:93,2,1,0
BRDA:93,3,0,2
BRDA:93,3,1,2
BRDA:110,4,0,0
BRDA:120,5,0,0
BRDA:141,6,0,0
BRDA:141,6,1,0
BRDA:141,7,0,0
BRDA:141,7,1,0
BRDA:158,8,0,0
BRDA:168,9,0,0
BRDA:189,10,0,0
BRDA:189,10,1,0
BRDA:189,11,0,0
BRDA:189,11,1,0
BRDA:206,12,0,0
BRDA:216,13,0,0
BRDA:237,14,0,0
BRDA:237,14,1,0
BRDA:237,15,0,0
BRDA:237,15,1,0
BRDA:254,16,0,0
BRDA:264,17,0,0
BRDA:285,18,0,0
BRDA:285,18,1,0
BRDA:285,19,0,0
BRDA:285,19,1,0
BRDA:302,20,0,0
BRDA:312,21,0,0
BRDA:333,22,0,0
BRDA:333,22,1,0
BRDA:333,23,0,0
BRDA:333,23,1,0
BRDA:350,24,0,0
BRDA:360,25,0,0
BRDA:381,26,0,0
BRDA:381,26,1,0
BRDA:381,27,0,0
BRDA:381,27,1,0
BRDA:398,28,0,0
BRDA:408,29,0,0
BRDA:429,30,0,0
BRDA:429,30,1,0
BRDA:429,31,0,0
BRDA:429,31,1,0
BRDA:446,32,0,0
BRDA:456,33,0,0
BRDA:477,34,0,0
BRDA:477,34,1,0
BRDA:477,35,0,0
BRDA:477,35,1,0
BRDA:496,36,0,7
BRDA:501,37,0,7
BRDA:517,38,0,1
BRDA:521,39,0,0
BRDA:522,40,0,0
BRDA:522,40,1,0
BRDA:527,41,0,1
BRDA:531,42,0,0
BRDA:538,43,0,7
BRDA:538,43,1,0
BRDA:538,44,0,7
BRDA:538,44,1,7
BRDA:566,45,0,0
BRDA:566,45,1,2
BRDA:566,46,0,2
BRDA:566,46,1,2
BRDA:566,47,0,0
BRDA:566,47,1,2
BRDA:566,48,0,2
BRDA:566,48,1,2
BRDA:567,49,0,2
BRDA:567,49,1,0
BRDA:567,50,0,2
BRDA:567,50,1,2
BRDA:567,51,0,2
BRDA:567,51,1,0
BRDA:567,52,0,2
BRDA:567,52,1,2
BRDA:568,53,0,2
BRDA:568,53,1,2
BRDA:580,54,0,0
BRDA:580,54,1,0
BRDA:580,55,0,0
BRDA:580,55,1,0
BRDA:580,56,0,0
BRDA:580,56,1,0
BRDA:580,57,0,0
BRDA:580,57,1,0
BRDA:581,58,0,0
BRDA:581,58,1,0
BRDA:581,59,0,0
BRDA:581,59,1,0
BRDA:581,60,0,0
BRDA:581,60,1,0
BRDA:581,61,0,0
BRDA:581,61,1,0
BRDA:582,62,0,0
BRDA:582,62,1,0
BRDA:594,63,0,0
BRDA:594,63,1,0
BRDA:594,64,0,0
BRDA:594,64,1,0
BRDA:594,65,0,0
BRDA:594,65,1,0
BRDA:594,66,0,0
BRDA:594,66,1,0
BRDA:595,67,0,0
BRDA:595,67,1,0
BRDA:595,68,0,0
BRDA:595,68,1,0
BRDA:595,69,0,0
BRDA:595,69,1,0
BRDA:595,70,0,0
BRDA:595,70,1,0
BRDA:596,71,0,0
BRDA:596,71,1,0
BRDA:608,72,0,0
BRDA:608,72,1,0
BRDA:608,73,0,0
BRDA:608,73,1,0
BRDA:608,74,0,0
BRDA:608,74,1,0
BRDA:608,75,0,0
BRDA:608,75,1,0
BRDA:609,76,0,0
BRDA:609,76,1,0
BRDA:609,77,0,0
BRDA:609,77,1,0
BRDA:609,78,0,0
BRDA:609,78,1,0
BRDA:609,79,0,0
BRDA:609,79,1,0
BRDA:610,80,0,0
BRDA:610,80,1,0
BRDA:622,81,0,0
BRDA:622,81,1,0
BRDA:622,82,0,0
BRDA:622,82,1,0
BRDA:622,83,0,0
BRDA:622,83,1,0
BRDA:622,84,0,0
BRDA:622,84,1,0
BRDA:623,85,0,0
BRDA:623,85,1,0
BRDA:623,86,0,0
BRDA:623,86,1,0
BRDA:623,87,0,0
BRDA:623,87,1,0
BRDA:623,88,0,0
BRDA:623,88,1,0
BRDA:624,89,0,0
BRDA:624,89,1,0
BRDA:636,90,0,0
BRDA:636,90,1,0
BRDA:636,91,0,0
BRDA:636,91,1,0
BRDA:636,92,0,0
BRDA:636,92,1,0
BRDA:636,93,0,0
BRDA:636,93,1,0
BRDA:637,94,0,0
BRDA:637,94,1,0
BRDA:637,95,0,0
BRDA:637,95,1,0
BRDA:637,96,0,0
BRDA:637,96,1,0
BRDA:637,97,0,0
BRDA:637,97,1,0
BRDA:638,98,0,0
BRDA:638,98,1,0
BRDA:650,99,0,0
BRDA:650,99,1,0
BRDA:650,100,0,0
BRDA:650,100,1,0
BRDA:650,101,0,0
BRDA:650,101,1,0
BRDA:650,102,0,0
BRDA:650,102,1,0
BRDA:651,103,0,0
BRDA:651,103,1,0
BRDA:651,104,0,0
BRDA:651,104,1,0
BRDA:651,105,0,0
BRDA:651,105,1,0
BRDA:651,106,0,0
BRDA:651,106,1,0
BRDA:652,107,0,0
BRDA:652,107,1,0
BRDA:664,108,0,0
BRDA:664,108,1,0
BRDA:664,109,0,0
BRDA:664,109,1,0
BRDA:664,110,0,0
BRDA:664,110,1,0
BRDA:664,111,0,0
BRDA:664,111,1,0
BRDA:665,112,0,0
BRDA:665,112,1,0
BRDA:665,113,0,0
BRDA:665,113,1,0
BRDA:665,114,0,0
BRDA:665,114,1,0
BRDA:665,115,0,0
BRDA:665,115,1,0
BRDA:666,116,0,0
BRDA:666,116,1,0
BRDA:678,117,0,0
BRDA:678,117,1,0
BRDA:678,118,0,0
BRDA:678,118,1,0
BRDA:678,119,0,0
BRDA:678,119,1,0
BRDA:678,120,0,0
BRDA:678,120,1,0
BRDA:679,121,0,0
BRDA:679,121,1,0
BRDA:679,122,0,0
BRDA:679,122,1,0
BRDA:679,123,0,0
BRDA:679,123,1,0
BRDA:679,124,0,0
BRDA:679,124,1,0
BRDA:680,125,0,0
BRDA:680,125,1,0
BRDA:694,126,0,0
BRDA:694,126,1,7
BRDA:694,127,0,7
BRDA:694,127,1,7
BRDA:694,128,0,0
BRDA:694,128,1,7
BRDA:694,129,0,7
BRDA:694,129,1,7
BRDA:695,130,0,7
BRDA:695,130,1,0
BRDA:695,131,0,7
BRDA:695,131,1,7
BRDA:695,132,0,7
BRDA:695,132,1,0
BRDA:695,133,0,7
BRDA:695,133,1,7
BRDA:696,134,0,7
BRDA:696,134,1,7
BRDA:805,135,0,0
BRDA:1266,136,0,5
BRF:248
BRH:41
end_of_record
TN:
SF:api/me-api.ts
FN:34,(anonymous_7)
FN:45,(anonymous_8)
FN:45,(anonymous_9)
FN:100,(anonymous_10)
FN:100,(anonymous_11)
FN:162,(anonymous_12)
FN:162,(anonymous_13)
FN:201,(anonymous_14)
FN:213,(anonymous_15)
FN:217,(anonymous_17)
FN:230,(anonymous_18)
FN:234,(anonymous_20)
FN:242,(anonymous_21)
FN:246,(anonymous_23)
FN:255,(anonymous_24)
FN:265,(anonymous_25)
FN:266,(anonymous_26)
FN:275,(anonymous_27)
FN:276,(anonymous_28)
FN:284,(anonymous_29)
FN:285,(anonymous_30)
FN:412,(anonymous_31)
FN:413,(anonymous_32)
FN:424,(anonymous_33)
FN:425,(anonymous_34)
FN:435,(anonymous_35)
FN:436,(anonymous_36)
FNF:27
FNH:20
FNDA:12,(anonymous_7)
FNDA:2,(anonymous_8)
FNDA:2,(anonymous_9)
FNDA:2,(anonymous_10)
FNDA:2,(anonymous_11)
FNDA:8,(anonymous_12)
FNDA:8,(anonymous_13)
FNDA:12,(anonymous_14)
FNDA:2,(anonymous_15)
FNDA:2,(anonymous_17)
FNDA:2,(anonymous_18)
FNDA:2,(anonymous_20)
FNDA:8,(anonymous_21)
FNDA:8,(anonymous_23)
FNDA:0,(anonymous_24)
FNDA:0,(anonymous_25)
FNDA:0,(anonymous_26)
FNDA:0,(anonymous_27)
FNDA:0,(anonymous_28)
FNDA:0,(anonymous_29)
FNDA:0,(anonymous_30)
FNDA:2,(anonymous_31)
FNDA:2,(anonymous_32)
FNDA:2,(anonymous_33)
FNDA:2,(anonymous_34)
FNDA:8,(anonymous_35)
FNDA:8,(anonymous_36)
DA:18,1
DA:21,1
DA:23,1
DA:34,1
DA:35,12
DA:45,2
DA:46,2
DA:48,2
DA:50,2
DA:51,2
DA:54,2
DA:55,2
DA:56,2
DA:60,2
DA:64,2
DA:66,2
DA:67,0
DA:70,2
DA:71,0
DA:74,2
DA:75,0
DA:80,2
DA:81,2
DA:82,2
DA:84,2
DA:100,2
DA:101,2
DA:103,2
DA:105,2
DA:106,2
DA:109,2
DA:110,2
DA:111,2
DA:115,2
DA:119,2
DA:121,2
DA:122,0
DA:125,2
DA:126,0
DA:129,2
DA:130,0
DA:135,2
DA:136,0
DA:141,2
DA:142,0
DA:147,2
DA:148,2
DA:149,2
DA:151,2
DA:162,8
DA:163,8
DA:165,8
DA:167,8
DA:168,8
DA:171,8
DA:172,8
DA:173,8
DA:177,8
DA:181,8
DA:185,8
DA:186,8
DA:187,8
DA:189,8
DA:201,1
DA:202,12
DA:203,12
DA:214,2
DA:215,2
DA:216,2
DA:217,2
DA:231,2
DA:232,2
DA:233,2
DA:234,2
DA:243,8
DA:244,8
DA:245,8
DA:246,8
DA:255,1
DA:256,0
DA:257,0
DA:266,0
DA:276,0
DA:285,0
DA:403,1
DA:413,2
DA:425,2
DA:436,8
DA:443,1
DA:457,1
LF:90
LH:77
BRDA:45,0,0,2
BRDA:50,1,0,2
BRDA:66,2,0,0
BRDA:70,3,0,0
BRDA:74,4,0,0
BRDA:81,5,0,2
BRDA:81,5,1,0
BRDA:81,6,0,2
BRDA:81,6,1,2
BRDA:100,7,0,2
BRDA:105,8,0,2
BRDA:121,9,0,0
BRDA:125,10,0,0
BRDA:129,11,0,0
BRDA:130,12,0,0
BRDA:130,12,1,0
BRDA:135,13,0,0
BRDA:136,14,0,0
BRDA:136,14,1,0
BRDA:141,15,0,0
BRDA:148,16,0,2
BRDA:148,16,1,0
BRDA:148,17,0,2
BRDA:148,17,1,2
BRDA:162,18,0,8
BRDA:167,19,0,8
BRDA:186,20,0,8
BRDA:186,20,1,0
BRDA:186,21,0,8
BRDA:186,21,1,8
BRDA:215,22,0,0
BRDA:215,22,1,2
BRDA:215,23,0,2
BRDA:215,23,1,2
BRDA:215,24,0,0
BRDA:215,24,1,2
BRDA:215,25,0,2
BRDA:215,25,1,2
BRDA:216,26,0,2
BRDA:216,26,1,0
BRDA:216,27,0,2
BRDA:216,27,1,2
BRDA:216,28,0,2
BRDA:216,28,1,0
BRDA:216,29,0,2
BRDA:216,29,1,2
BRDA:217,30,0,2
BRDA:217,30,1,2
BRDA:232,31,0,0
BRDA:232,31,1,2
BRDA:232,32,0,2
BRDA:232,32,1,2
BRDA:232,33,0,0
BRDA:232,33,1,2
BRDA:232,34,0,2
BRDA:232,34,1,2
BRDA:233,35,0,2
BRDA:233,35,1,0
BRDA:233,36,0,2
BRDA:233,36,1,2
BRDA:233,37,0,2
BRDA:233,37,1,0
BRDA:233,38,0,2
BRDA:233,38,1,2
BRDA:234,39,0,2
BRDA:234,39,1,2
BRDA:244,40,0,0
BRDA:244,40,1,8
BRDA:244,41,0,8
BRDA:244,41,1,8
BRDA:244,42,0,0
BRDA:244,42,1,8
BRDA:244,43,0,8
BRDA:244,43,1,8
BRDA:245,44,0,8
BRDA:245,44,1,0
BRDA:245,45,0,8
BRDA:245,45,1,8
BRDA:245,46,0,8
BRDA:245,46,1,0
BRDA:245,47,0,8
BRDA:245,47,1,8
BRDA:246,48,0,8
BRDA:246,48,1,8
BRDA:265,49,0,0
BRDA:275,50,0,0
BRDA:412,51,0,2
BRDA:424,52,0,2
BRF:88
BRH:59
end_of_record
TN:
SF:api/products-api.ts
FN:34,(anonymous_7)
FN:43,(anonymous_8)
FN:43,(anonymous_9)
FN:85,(anonymous_10)
FN:85,(anonymous_11)
FN:127,(anonymous_12)
FN:127,(anonymous_13)
FN:172,(anonymous_14)
FN:182,(anonymous_15)
FN:186,(anonymous_17)
FN:195,(anonymous_18)
FN:199,(anonymous_20)
FN:208,(anonymous_21)
FN:212,(anonymous_23)
FN:221,(anonymous_24)
FN:231,(anonymous_25)
FN:232,(anonymous_26)
FN:241,(anonymous_27)
FN:242,(anonymous_28)
FN:251,(anonymous_29)
FN:252,(anonymous_30)
FN:352,(anonymous_31)
FN:353,(anonymous_32)
FN:364,(anonymous_33)
FN:365,(anonymous_34)
FN:376,(anonymous_35)
FN:377,(anonymous_36)
FNF:27
FNH:14
FNDA:7,(anonymous_7)
FNDA:0,(anonymous_8)
FNDA:0,(anonymous_9)
FNDA:2,(anonymous_10)
FNDA:2,(anonymous_11)
FNDA:5,(anonymous_12)
FNDA:5,(anonymous_13)
FNDA:7,(anonymous_14)
FNDA:0,(anonymous_15)
FNDA:0,(anonymous_17)
FNDA:2,(anonymous_18)
FNDA:2,(anonymous_20)
FNDA:5,(anonymous_21)
FNDA:5,(anonymous_23)
FNDA:0,(anonymous_24)
FNDA:0,(anonymous_25)
FNDA:0,(anonymous_26)
FNDA:0,(anonymous_27)
FNDA:0,(anonymous_28)
FNDA:0,(anonymous_29)
FNDA:0,(anonymous_30)
FNDA:0,(anonymous_31)
FNDA:0,(anonymous_32)
FNDA:2,(anonymous_33)
FNDA:2,(anonymous_34)
FNDA:5,(anonymous_35)
FNDA:5,(anonymous_36)
DA:18,1
DA:21,1
DA:23,1
DA:34,1
DA:35,7
DA:43,0
DA:45,0
DA:46,0
DA:49,0
DA:51,0
DA:52,0
DA:55,0
DA:56,0
DA:57,0
DA:61,0
DA:65,0
DA:69,0
DA:70,0
DA:71,0
DA:73,0
DA:85,2
DA:87,2
DA:88,2
DA:91,2
DA:93,2
DA:94,2
DA:97,2
DA:98,2
DA:99,2
DA:103,2
DA:107,2
DA:111,2
DA:112,2
DA:113,2
DA:115,2
DA:127,5
DA:128,5
DA:130,5
DA:132,5
DA:133,5
DA:136,5
DA:137,5
DA:138,5
DA:142,5
DA:146,5
DA:148,5
DA:149,0
DA:156,5
DA:157,5
DA:158,5
DA:160,5
DA:172,1
DA:173,7
DA:174,7
DA:183,0
DA:184,0
DA:185,0
DA:186,0
DA:196,2
DA:197,2
DA:198,2
DA:199,2
DA:209,5
DA:210,5
DA:211,5
DA:212,5
DA:221,1
DA:222,0
DA:223,0
DA:232,0
DA:242,0
DA:252,0
DA:343,1
DA:353,0
DA:365,2
DA:377,5
LF:76
LH:50
BRDA:43,0,0,0
BRDA:51,1,0,0
BRDA:70,2,0,0
BRDA:70,2,1,0
BRDA:70,3,0,0
BRDA:70,3,1,0
BRDA:85,4,0,2
BRDA:93,5,0,2
BRDA:112,6,0,2
BRDA:112,6,1,0
BRDA:112,7,0,2
BRDA:112,7,1,2
BRDA:127,8,0,5
BRDA:132,9,0,5
BRDA:148,10,0,0
BRDA:149,11,0,0
BRDA:149,11,1,0
BRDA:157,12,0,5
BRDA:157,12,1,0
BRDA:157,13,0,5
BRDA:157,13,1,5
BRDA:184,14,0,0
BRDA:184,14,1,0
BRDA:184,15,0,0
BRDA:184,15,1,0
BRDA:184,16,0,0
BRDA:184,16,1,0
BRDA:184,17,0,0
BRDA:184,17,1,0
BRDA:185,18,0,0
BRDA:185,18,1,0
BRDA:185,19,0,0
BRDA:185,19,1,0
BRDA:185,20,0,0
BRDA:185,20,1,0
BRDA:185,21,0,0
BRDA:185,21,1,0
BRDA:186,22,0,0
BRDA:186,22,1,0
BRDA:197,23,0,0
BRDA:197,23,1,2
BRDA:197,24,0,2
BRDA:197,24,1,2
BRDA:197,25,0,0
BRDA:197,25,1,2
BRDA:197,26,0,2
BRDA:197,26,1,2
BRDA:198,27,0,2
BRDA:198,27,1,0
BRDA:198,28,0,2
BRDA:198,28,1,2
BRDA:198,29,0,2
BRDA:198,29,1,0
BRDA:198,30,0,2
BRDA:198,30,1,2
BRDA:199,31,0,2
BRDA:199,31,1,2
BRDA:210,32,0,0
BRDA:210,32,1,5
BRDA:210,33,0,5
BRDA:210,33,1,5
BRDA:210,34,0,0
BRDA:210,34,1,5
BRDA:210,35,0,5
BRDA:210,35,1,5
BRDA:211,36,0,5
BRDA:211,36,1,0
BRDA:211,37,0,5
BRDA:211,37,1,5
BRDA:211,38,0,5
BRDA:211,38,1,0
BRDA:211,39,0,5
BRDA:211,39,1,5
BRDA:212,40,0,5
BRDA:212,40,1,5
BRDA:251,41,0,0
BRDA:376,42,0,5
BRF:77
BRH:39
end_of_record
